<?xml version="1.0" encoding="UTF-8"?>
<testng-results ignored="0" total="2" passed="2" failed="0" skipped="0">
  <reporter-output>
  </reporter-output>
  <suite started-at="2022-11-15T13:29:23 PST" name="Suite2" finished-at="2022-11-15T13:29:33 PST" duration-ms="9289">
    <groups>
    </groups>
    <test started-at="2022-11-15T13:29:23 PST" name="Test2" finished-at="2022-11-15T13:29:33 PST" duration-ms="9289">
      <class name="demo.TestLazada">
        <test-method signature="test1()[pri:0, instance:demo.TestLazada@ffaa6af]" started-at="2022-11-15T13:29:23 PST" name="test1" finished-at="2022-11-15T13:29:32 PST" duration-ms="8479" status="PASS">
          <reporter-output>
          </reporter-output>
        </test-method> <!-- test1 -->
        <test-method signature="test2()[pri:0, instance:demo.TestLazada@ffaa6af]" started-at="2022-11-15T13:29:23 PST" name="test2" finished-at="2022-11-15T13:29:32 PST" duration-ms="9211" status="PASS">
          <reporter-output>
          </reporter-output>
        </test-method> <!-- test2 -->
      </class> <!-- demo.TestLazada -->
    </test> <!-- Test2 -->
  </suite> <!-- Suite2 -->
</testng-results>
